2021-01-29 12:45:46,677 INFO o.a.j.u.JMeterUtils: Setting Locale to en_EN
2021-01-29 12:45:46,718 INFO o.a.j.JMeter: Loading user properties from: /usr/local/Cellar/jmeter/5.4/libexec/bin/user.properties
2021-01-29 12:45:46,719 INFO o.a.j.JMeter: Loading system properties from: /usr/local/Cellar/jmeter/5.4/libexec/bin/system.properties
2021-01-29 12:45:46,727 INFO o.a.j.JMeter: Copyright (c) 1998-2020 The Apache Software Foundation
2021-01-29 12:45:46,727 INFO o.a.j.JMeter: Version 5.4
2021-01-29 12:45:46,727 INFO o.a.j.JMeter: java.version=15.0.1
2021-01-29 12:45:46,727 INFO o.a.j.JMeter: java.vm.name=OpenJDK 64-Bit Server VM
2021-01-29 12:45:46,727 INFO o.a.j.JMeter: os.name=Mac OS X
2021-01-29 12:45:46,727 INFO o.a.j.JMeter: os.arch=x86_64
2021-01-29 12:45:46,727 INFO o.a.j.JMeter: os.version=11.1
2021-01-29 12:45:46,727 INFO o.a.j.JMeter: file.encoding=UTF-8
2021-01-29 12:45:46,728 INFO o.a.j.JMeter: java.awt.headless=null
2021-01-29 12:45:46,728 INFO o.a.j.JMeter: Max memory     =1073741824
2021-01-29 12:45:46,728 INFO o.a.j.JMeter: Available Processors =4
2021-01-29 12:45:46,739 INFO o.a.j.JMeter: Default Locale=English (EN)
2021-01-29 12:45:46,739 INFO o.a.j.JMeter: JMeter  Locale=English (EN)
2021-01-29 12:45:46,739 INFO o.a.j.JMeter: JMeterHome=/usr/local/Cellar/jmeter/5.4/libexec
2021-01-29 12:45:46,740 INFO o.a.j.JMeter: user.dir  =/Users/mashimohroki/Desktop/Programming/Algorithm
2021-01-29 12:45:46,740 INFO o.a.j.JMeter: PWD       =/Users/mashimohroki/Desktop/Programming/Algorithm
2021-01-29 12:45:46,745 INFO o.a.j.JMeter: IP: 172.16.11.102 Name: MashimonoMacBook-Pro.local FullName: 172.16.11.102
2021-01-29 12:45:47,656 INFO o.a.j.JMeter: Setting LAF to: com.github.weisj.darklaf.DarkLaf:com.github.weisj.darklaf.theme.DarculaTheme
2021-01-29 12:45:49,830 INFO o.a.j.JMeter: Loaded icon properties from org/apache/jmeter/images/icon.properties
2021-01-29 12:45:50,994 INFO o.j.r.JARSourceHTTP: Requesting https://jmeter-plugins.org/repo/?installID=mac_os_x-9a991221f1aff730607acd63e549996d-gui
2021-01-29 12:45:53,093 INFO o.j.r.PluginManager: Plugins Status: [jpgc-plugins-manager=1.6, jmeter-core=5.4, jmeter-ftp=5.4, jmeter-http=5.4, jmeter-jdbc=5.4, jmeter-jms=5.4, jmeter-junit=5.4, jmeter-java=5.4, jmeter-ldap=5.4, jmeter-mail=5.4, jmeter-mongodb=5.4, jmeter-native=5.4, jmeter-tcp=5.4, jmeter-components=5.4]
2021-01-29 12:47:08,591 INFO o.a.j.s.FileServer: Default base='/Users/mashimohroki/Desktop/Programming/Algorithm'
2021-01-29 12:47:08,595 INFO o.a.j.g.a.Load: Loading file: /Users/mashimohroki/Desktop/MD_project/Jmeter_Manual/jmx_for_prod/200users_20sec.jmx
2021-01-29 12:47:08,596 INFO o.a.j.s.FileServer: Set new base='/Users/mashimohroki/Desktop/MD_project/Jmeter_Manual/jmx_for_prod'
2021-01-29 12:47:08,764 INFO o.a.j.s.SaveService: Testplan (JMX) version: 2.2. Testlog (JTL) version: 2.2
2021-01-29 12:47:08,775 INFO o.a.j.s.SaveService: Using SaveService properties version 5.0
2021-01-29 12:47:08,776 INFO o.a.j.s.SaveService: Using SaveService properties file encoding UTF-8
2021-01-29 12:47:08,778 INFO o.a.j.s.SaveService: Loading file: /Users/mashimohroki/Desktop/MD_project/Jmeter_Manual/jmx_for_prod/200users_20sec.jmx
2021-01-29 12:47:08,942 INFO o.a.j.p.h.c.CookieManager: Settings: Delete null: true Check: true Allow variable: true Save: false Prefix: COOKIE_
2021-01-29 12:47:08,944 INFO o.a.j.p.h.c.CacheManager: Will only cache the following methods: [GET]
2021-01-29 12:47:08,947 INFO o.a.j.p.h.s.HTTPSamplerBase: Parser for text/html is org.apache.jmeter.protocol.http.parser.LagartoBasedHtmlParser
2021-01-29 12:47:08,947 INFO o.a.j.p.h.s.HTTPSamplerBase: Parser for application/xhtml+xml is org.apache.jmeter.protocol.http.parser.LagartoBasedHtmlParser
2021-01-29 12:47:08,947 INFO o.a.j.p.h.s.HTTPSamplerBase: Parser for application/xml is org.apache.jmeter.protocol.http.parser.LagartoBasedHtmlParser
2021-01-29 12:47:08,947 INFO o.a.j.p.h.s.HTTPSamplerBase: Parser for text/xml is org.apache.jmeter.protocol.http.parser.LagartoBasedHtmlParser
2021-01-29 12:47:08,948 INFO o.a.j.p.h.s.HTTPSamplerBase: Parser for text/vnd.wap.wml is org.apache.jmeter.protocol.http.parser.RegexpHTMLParser
2021-01-29 12:47:08,948 INFO o.a.j.p.h.s.HTTPSamplerBase: Parser for text/css is org.apache.jmeter.protocol.http.parser.CssParser
2021-01-29 12:47:09,583 INFO o.a.j.s.SampleResult: Note: Sample TimeStamps are START times
2021-01-29 12:47:09,583 INFO o.a.j.s.SampleResult: sampleresult.default.encoding is set to ISO-8859-1
2021-01-29 12:47:09,583 INFO o.a.j.s.SampleResult: sampleresult.useNanoTime=true
2021-01-29 12:47:09,583 INFO o.a.j.s.SampleResult: sampleresult.nanoThreadSleep=5000
2021-01-29 12:47:09,756 INFO o.a.j.v.ViewResultsFullVisualizer: Add JavaFX to your Java installation if you want to use renderer: org.apache.jmeter.visualizers.RenderInBrowser
2021-01-29 13:11:45,946 INFO o.a.j.g.a.What: TestElement: class org.apache.jmeter.protocol.http.sampler.HTTPSamplerProxy, guiClassName: org.apache.jmeter.protocol.http.control.gui.HttpTestSampleGui
